#! /c/Source/iverilog-install/bin/vvp
:ivl_version "12.0 (devel)" "(s20150603-1539-g2693dd32b)";
:ivl_delay_selection "TYPICAL";
:vpi_time_precision + 0;
:vpi_module "C:\iverilog\lib\ivl\system.vpi";
:vpi_module "C:\iverilog\lib\ivl\vhdl_sys.vpi";
:vpi_module "C:\iverilog\lib\ivl\vhdl_textio.vpi";
:vpi_module "C:\iverilog\lib\ivl\v2005_math.vpi";
:vpi_module "C:\iverilog\lib\ivl\va_math.vpi";
S_0000008000c025e0 .scope module, "DFF_project" "DFF_project" 2 6;
 .timescale 0 0;
    .port_info 0 /INPUT 1 "CLK";
    .port_info 1 /INPUT 1 "RST_N";
    .port_info 2 /INPUT 1 "DATA_IN";
    .port_info 3 /OUTPUT 1 "DATA_OUT_0";
    .port_info 4 /OUTPUT 1 "DATA_OUT_1";
o0000008000c24808 .functor BUFZ 1, C4<z>; HiZ drive
v0000008000c02d70_0 .net "CLK", 0 0, o0000008000c24808;  0 drivers
o0000008000c24838 .functor BUFZ 1, C4<z>; HiZ drive
v0000008000c02770_0 .net "DATA_IN", 0 0, o0000008000c24838;  0 drivers
v0000008000c02810_0 .var "DATA_OUT_0", 0 0;
v0000008000c028b0_0 .var "DATA_OUT_1", 0 0;
o0000008000c248c8 .functor BUFZ 1, C4<z>; HiZ drive
v0000008000d4ca70_0 .net "RST_N", 0 0, o0000008000c248c8;  0 drivers
E_0000008000d499f0/0 .event negedge, v0000008000d4ca70_0;
E_0000008000d499f0/1 .event posedge, v0000008000c02d70_0;
E_0000008000d499f0 .event/or E_0000008000d499f0/0, E_0000008000d499f0/1;
    .scope S_0000008000c025e0;
T_0 ;
    %wait E_0000008000d499f0;
    %load/vec4 v0000008000d4ca70_0;
    %nor/r;
    %flag_set/vec4 8;
    %jmp/0xz  T_0.0, 8;
    %pushi/vec4 0, 0, 1;
    %assign/vec4 v0000008000c02810_0, 0;
    %pushi/vec4 0, 0, 1;
    %assign/vec4 v0000008000c028b0_0, 0;
    %jmp T_0.1;
T_0.0 ;
    %load/vec4 v0000008000c02770_0;
    %assign/vec4 v0000008000c02810_0, 0;
    %load/vec4 v0000008000c02770_0;
    %inv;
    %assign/vec4 v0000008000c028b0_0, 0;
T_0.1 ;
    %jmp T_0;
    .thread T_0;
# The file index is used to find the file name in the following table.
:file_names 3;
    "N/A";
    "<interactive>";
    "DFF_project.v";
